0 info it worked if it ends with ok
1 verbose cli [ 'C:\\Program Files\\nodejs\\node.exe',
1 verbose cli   'C:\\Program Files\\nodejs\\node_modules\\npm\\bin\\npm-cli.js',
1 verbose cli   'run',
1 verbose cli   'build' ]
2 info using npm@3.10.8
3 info using node@v6.9.1
4 verbose run-script [ 'prebuild', 'build', 'postbuild' ]
5 info lifecycle addin-playground-samples@1.0.0~prebuild: addin-playground-samples@1.0.0
6 silly lifecycle addin-playground-samples@1.0.0~prebuild: no script for prebuild, continuing
7 info lifecycle addin-playground-samples@1.0.0~build: addin-playground-samples@1.0.0
8 verbose lifecycle addin-playground-samples@1.0.0~build: unsafe-perm in lifecycle true
9 verbose lifecycle addin-playground-samples@1.0.0~build: PATH: C:\Program Files\nodejs\node_modules\npm\bin\node-gyp-bin;C:\Users\BHKRISH\Documents\GitHub\addin-playground-samples\node_modules\.bin;C:\ProgramData\Oracle\Java\javapath;C:\Program Files\Common Files\Microsoft Shared\Microsoft Online Services;C:\Program Files (x86)\Common Files\Microsoft Shared\Microsoft Online Services;C:\windows\system32;C:\windows;C:\windows\System32\Wbem;C:\windows\System32\WindowsPowerShell\v1.0\;C:\Program Files\nodejs\;C:\Program Files\Microsoft SQL Server\130\Tools\Binn\;C:\Program Files\dotnet\;C:\Program Files\Git\cmd;C:\Users\BHKRISH\AppData\Local\Microsoft\WindowsApps;C:\Program Files (x86)\Microsoft VS Code\bin;C:\Users\BHKRISH\AppData\Roaming\npm;C:\Users\BHKRISH\AppData\Local\Android\android-sdk\platform-tools
10 verbose lifecycle addin-playground-samples@1.0.0~build: CWD: C:\Users\BHKRISH\Documents\GitHub\addin-playground-samples
11 silly lifecycle addin-playground-samples@1.0.0~build: Args: [ '/d /s /c', 'rimraf playlists && node compile.js' ]
12 silly lifecycle addin-playground-samples@1.0.0~build: Returned: code: 1  signal: null
13 info lifecycle addin-playground-samples@1.0.0~build: Failed to exec build script
14 verbose stack Error: addin-playground-samples@1.0.0 build: `rimraf playlists && node compile.js`
14 verbose stack Exit status 1
14 verbose stack     at EventEmitter.<anonymous> (C:\Program Files\nodejs\node_modules\npm\lib\utils\lifecycle.js:255:16)
14 verbose stack     at emitTwo (events.js:106:13)
14 verbose stack     at EventEmitter.emit (events.js:191:7)
14 verbose stack     at ChildProcess.<anonymous> (C:\Program Files\nodejs\node_modules\npm\lib\utils\spawn.js:40:14)
14 verbose stack     at emitTwo (events.js:106:13)
14 verbose stack     at ChildProcess.emit (events.js:191:7)
14 verbose stack     at maybeClose (internal/child_process.js:877:16)
14 verbose stack     at Process.ChildProcess._handle.onexit (internal/child_process.js:226:5)
15 verbose pkgid addin-playground-samples@1.0.0
16 verbose cwd C:\Users\BHKRISH\Documents\GitHub\addin-playground-samples
17 error Windows_NT 10.0.14393
18 error argv "C:\\Program Files\\nodejs\\node.exe" "C:\\Program Files\\nodejs\\node_modules\\npm\\bin\\npm-cli.js" "run" "build"
19 error node v6.9.1
20 error npm  v3.10.8
21 error code ELIFECYCLE
22 error addin-playground-samples@1.0.0 build: `rimraf playlists && node compile.js`
22 error Exit status 1
23 error Failed at the addin-playground-samples@1.0.0 build script 'rimraf playlists && node compile.js'.
23 error Make sure you have the latest version of node.js and npm installed.
23 error If you do, this is most likely a problem with the addin-playground-samples package,
23 error not with npm itself.
23 error Tell the author that this fails on your system:
23 error     rimraf playlists && node compile.js
23 error You can get information on how to open an issue for this project with:
23 error     npm bugs addin-playground-samples
23 error Or if that isn't available, you can get their info via:
23 error     npm owner ls addin-playground-samples
23 error There is likely additional logging output above.
24 verbose exit [ 1, true ]
